[0mGET /users [36m304 [0m141.493 ms - -[0m
[0mGET /users [33m403 [0m120.575 ms - 48[0m
[0mGET /users [33m403 [0m115.358 ms - 48[0m
[0mGET /users [33m403 [0m1.221 ms - 48[0m
[0mGET /users [33m403 [0m131.752 ms - 48[0m
[0mGET /users?token=234234 [31m500 [0m7.909 ms - 1117[0m
[0mGET /users?token=234234 [32m200 [0m126.198 ms - 59[0m
[0mGET /messages [31m500 [0m98.253 ms - 2313[0m
[0mGET /favicon.ico [31m500 [0m4.750 ms - 2313[0m
[0mGET /messages [31m500 [0m110.162 ms - 2263[0m
[0mGET /favicon.ico [31m500 [0m12.497 ms - 2263[0m
[0mGET /messages [33m404 [0m121.768 ms - 21[0m
[0mGET /favicon.ico [33m404 [0m0.440 ms - 24[0m
[0mGET /messages [33m404 [0m118.231 ms - 21[0m
[0mGET /users [33m403 [0m2.403 ms - 48[0m
[0mGET /customers [32m200 [0m10.936 ms - 12[0m
[0mGET /customers [36m304 [0m113.050 ms - -[0m
[0mGET /users [33m403 [0m1.092 ms - 48[0m
[0mGET /customers [36m304 [0m129.319 ms - -[0m
[0mGET /customers [36m304 [0m116.440 ms - -[0m
[0mGET /customers [36m304 [0m117.327 ms - -[0m
[0mGET /customers [36m304 [0m115.762 ms - -[0m
[0mGET /customers [36m304 [0m128.319 ms - -[0m
[0mGET /customers [36m304 [0m120.184 ms - -[0m
[0mGET /customers/1 [31m500 [0m9.870 ms - 1172[0m
[0mGET /customers/1 [32m200 [0m115.159 ms - 35[0m
[0mGET /customers/1 [32m200 [0m114.860 ms - 101[0m
[0mGET /customers/1 [32m200 [0m116.086 ms - 105[0m
[0mGET /customers/1 [32m200 [0m114.233 ms - 100[0m
[0mGET /users/10 [33m403 [0m115.941 ms - 48[0m
[0mGET /customer/10 [33m404 [0m108.339 ms - 24[0m
[0mGET /customers/10 [32m200 [0m10.396 ms - 100[0m
[0mGET /customers/10 [36m304 [0m114.886 ms - -[0m
[0mGET /customers/10 [32m200 [0m113.007 ms - 104[0m
[0mGET /customers/10 [36m304 [0m119.844 ms - -[0m
[0mGET /messages [33m404 [0m112.557 ms - 21[0m
[0mGET /users?token=234234 [36m304 [0m2.647 ms - -[0m
